CRITICAL - 2023-11-23 20:07:38 --> Class 'App\Controllers\landinpage\BaseController' not found
#0 C:\xampp\htdocs\ERP-PH\system\Autoloader\Autoloader.php(264): include_once()
#1 C:\xampp\htdocs\ERP-PH\system\Autoloader\Autoloader.php(241): CodeIgniter\Autoloader\Autoloader->includeFile('C:\\xampp\\htdocs...')
#2 C:\xampp\htdocs\ERP-PH\system\Autoloader\Autoloader.php(219): CodeIgniter\Autoloader\Autoloader->loadInNamespace('App\\Controllers...')
#3 [internal function]: CodeIgniter\Autoloader\Autoloader->loadClass('App\\Controllers...')
#4 [internal function]: spl_autoload_call('App\\Controllers...')
#5 C:\xampp\htdocs\ERP-PH\system\CodeIgniter.php(797): class_exists('\\App\\Controller...', true)
#6 C:\xampp\htdocs\ERP-PH\system\CodeIgniter.php(406): CodeIgniter\CodeIgniter->startController()
#7 C:\xampp\htdocs\ERP-PH\system\CodeIgniter.php(326): CodeIgniter\CodeIgniter->handleRequest(NULL, Object(Config\Cache), false)
#8 C:\xampp\htdocs\ERP-PH\public\index.php(37): CodeIgniter\CodeIgniter->run()
#9 C:\xampp\htdocs\ERP-PH\system\Commands\Server\rewrite.php(43): require_once('C:\\xampp\\htdocs...')
#10 {main}
CRITICAL - 2023-11-23 21:03:12 --> Call to undefined method mysqli::table()
#0 C:\xampp\htdocs\ERP-PH\app\Controllers\piket\Home.php(45): App\Models\piketm\M_model->getWhere2('user', Array)
#1 C:\xampp\htdocs\ERP-PH\system\CodeIgniter.php(832): App\Controllers\piket\Home->aksi_login()
#2 C:\xampp\htdocs\ERP-PH\system\CodeIgniter.php(419): CodeIgniter\CodeIgniter->runController(Object(App\Controllers\piket\Home))
#3 C:\xampp\htdocs\ERP-PH\system\CodeIgniter.php(326): CodeIgniter\CodeIgniter->handleRequest(NULL, Object(Config\Cache), false)
#4 C:\xampp\htdocs\ERP-PH\public\index.php(37): CodeIgniter\CodeIgniter->run()
#5 C:\xampp\htdocs\ERP-PH\system\Commands\Server\rewrite.php(43): require_once('C:\\xampp\\htdocs...')
#6 {main}
CRITICAL - 2023-11-23 21:04:35 --> Call to undefined method mysqli::table()
#0 C:\xampp\htdocs\ERP-PH\app\Controllers\piket\Home.php(45): App\Models\piketm\M_model->getWhere2('user', Array)
#1 C:\xampp\htdocs\ERP-PH\system\CodeIgniter.php(832): App\Controllers\piket\Home->aksi_login()
#2 C:\xampp\htdocs\ERP-PH\system\CodeIgniter.php(419): CodeIgniter\CodeIgniter->runController(Object(App\Controllers\piket\Home))
#3 C:\xampp\htdocs\ERP-PH\system\CodeIgniter.php(326): CodeIgniter\CodeIgniter->handleRequest(NULL, Object(Config\Cache), false)
#4 C:\xampp\htdocs\ERP-PH\public\index.php(37): CodeIgniter\CodeIgniter->run()
#5 C:\xampp\htdocs\ERP-PH\system\Commands\Server\rewrite.php(43): require_once('C:\\xampp\\htdocs...')
#6 {main}
CRITICAL - 2023-11-23 21:05:28 --> Call to undefined method mysqli::table()
#0 C:\xampp\htdocs\ERP-PH\app\Controllers\piket\Home.php(45): App\Models\piketm\M_model->getWhere2('user', Array)
#1 C:\xampp\htdocs\ERP-PH\system\CodeIgniter.php(832): App\Controllers\piket\Home->aksi_login()
#2 C:\xampp\htdocs\ERP-PH\system\CodeIgniter.php(419): CodeIgniter\CodeIgniter->runController(Object(App\Controllers\piket\Home))
#3 C:\xampp\htdocs\ERP-PH\system\CodeIgniter.php(326): CodeIgniter\CodeIgniter->handleRequest(NULL, Object(Config\Cache), false)
#4 C:\xampp\htdocs\ERP-PH\public\index.php(37): CodeIgniter\CodeIgniter->run()
#5 C:\xampp\htdocs\ERP-PH\system\Commands\Server\rewrite.php(43): require_once('C:\\xampp\\htdocs...')
#6 {main}
CRITICAL - 2023-11-23 21:06:14 --> Call to undefined method mysqli::table()
#0 C:\xampp\htdocs\ERP-PH\app\Controllers\piket\Home.php(45): App\Models\piketm\M_model->getWhere2('user', Array)
#1 C:\xampp\htdocs\ERP-PH\system\CodeIgniter.php(832): App\Controllers\piket\Home->aksi_login()
#2 C:\xampp\htdocs\ERP-PH\system\CodeIgniter.php(419): CodeIgniter\CodeIgniter->runController(Object(App\Controllers\piket\Home))
#3 C:\xampp\htdocs\ERP-PH\system\CodeIgniter.php(326): CodeIgniter\CodeIgniter->handleRequest(NULL, Object(Config\Cache), false)
#4 C:\xampp\htdocs\ERP-PH\public\index.php(37): CodeIgniter\CodeIgniter->run()
#5 C:\xampp\htdocs\ERP-PH\system\Commands\Server\rewrite.php(43): require_once('C:\\xampp\\htdocs...')
#6 {main}
CRITICAL - 2023-11-23 21:08:29 --> You must set the database table to be used with your query.
#0 C:\xampp\htdocs\ERP-PH\system\Model.php(545): CodeIgniter\Database\BaseConnection->table(NULL)
#1 C:\xampp\htdocs\ERP-PH\system\Model.php(722): CodeIgniter\Model->builder()
#2 C:\xampp\htdocs\ERP-PH\app\Controllers\piket\Home.php(89): CodeIgniter\Model->__call('getWhere', Array)
#3 C:\xampp\htdocs\ERP-PH\system\CodeIgniter.php(832): App\Controllers\piket\Home->mpg()
#4 C:\xampp\htdocs\ERP-PH\system\CodeIgniter.php(419): CodeIgniter\CodeIgniter->runController(Object(App\Controllers\piket\Home))
#5 C:\xampp\htdocs\ERP-PH\system\CodeIgniter.php(326): CodeIgniter\CodeIgniter->handleRequest(NULL, Object(Config\Cache), false)
#6 C:\xampp\htdocs\ERP-PH\public\index.php(37): CodeIgniter\CodeIgniter->run()
#7 C:\xampp\htdocs\ERP-PH\system\Commands\Server\rewrite.php(43): require_once('C:\\xampp\\htdocs...')
#8 {main}
CRITICAL - 2023-11-23 21:09:02 --> Call to undefined method mysqli::table()
#0 C:\xampp\htdocs\ERP-PH\app\Controllers\piket\Home.php(89): App\Models\piketm\M_model->getWhere('user', Array)
#1 C:\xampp\htdocs\ERP-PH\system\CodeIgniter.php(832): App\Controllers\piket\Home->mpg()
#2 C:\xampp\htdocs\ERP-PH\system\CodeIgniter.php(419): CodeIgniter\CodeIgniter->runController(Object(App\Controllers\piket\Home))
#3 C:\xampp\htdocs\ERP-PH\system\CodeIgniter.php(326): CodeIgniter\CodeIgniter->handleRequest(NULL, Object(Config\Cache), false)
#4 C:\xampp\htdocs\ERP-PH\public\index.php(37): CodeIgniter\CodeIgniter->run()
#5 C:\xampp\htdocs\ERP-PH\system\Commands\Server\rewrite.php(43): require_once('C:\\xampp\\htdocs...')
#6 {main}
CRITICAL - 2023-11-23 21:09:39 --> Call to undefined method mysqli::table()
#0 C:\xampp\htdocs\ERP-PH\app\Controllers\piket\Home.php(89): App\Models\piketm\M_model->getWhere('user', Array)
#1 C:\xampp\htdocs\ERP-PH\system\CodeIgniter.php(832): App\Controllers\piket\Home->mpg()
#2 C:\xampp\htdocs\ERP-PH\system\CodeIgniter.php(419): CodeIgniter\CodeIgniter->runController(Object(App\Controllers\piket\Home))
#3 C:\xampp\htdocs\ERP-PH\system\CodeIgniter.php(326): CodeIgniter\CodeIgniter->handleRequest(NULL, Object(Config\Cache), false)
#4 C:\xampp\htdocs\ERP-PH\public\index.php(37): CodeIgniter\CodeIgniter->run()
#5 C:\xampp\htdocs\ERP-PH\system\Commands\Server\rewrite.php(43): require_once('C:\\xampp\\htdocs...')
#6 {main}
CRITICAL - 2023-11-23 21:09:45 --> Call to undefined method mysqli::table()
#0 C:\xampp\htdocs\ERP-PH\app\Controllers\piket\Home.php(44): App\Models\piketm\M_model->getWhere2('user', Array)
#1 C:\xampp\htdocs\ERP-PH\system\CodeIgniter.php(832): App\Controllers\piket\Home->aksi_login()
#2 C:\xampp\htdocs\ERP-PH\system\CodeIgniter.php(419): CodeIgniter\CodeIgniter->runController(Object(App\Controllers\piket\Home))
#3 C:\xampp\htdocs\ERP-PH\system\CodeIgniter.php(326): CodeIgniter\CodeIgniter->handleRequest(NULL, Object(Config\Cache), false)
#4 C:\xampp\htdocs\ERP-PH\public\index.php(37): CodeIgniter\CodeIgniter->run()
#5 C:\xampp\htdocs\ERP-PH\system\Commands\Server\rewrite.php(43): require_once('C:\\xampp\\htdocs...')
#6 {main}
CRITICAL - 2023-11-23 21:30:26 --> File "" does not exist.
#0 C:\xampp\htdocs\ERP-PH\vendor\phpoffice\phpspreadsheet\src\PhpSpreadsheet\IOFactory.php(135): PhpOffice\PhpSpreadsheet\Shared\File::assertFile('')
#1 C:\xampp\htdocs\ERP-PH\vendor\phpoffice\phpspreadsheet\src\PhpSpreadsheet\IOFactory.php(106): PhpOffice\PhpSpreadsheet\IOFactory::createReaderForFile('', NULL)
#2 C:\xampp\htdocs\ERP-PH\app\Controllers\piket\Home.php(780): PhpOffice\PhpSpreadsheet\IOFactory::load('')
#3 C:\xampp\htdocs\ERP-PH\system\CodeIgniter.php(832): App\Controllers\piket\Home->a_import()
#4 C:\xampp\htdocs\ERP-PH\system\CodeIgniter.php(419): CodeIgniter\CodeIgniter->runController(Object(App\Controllers\piket\Home))
#5 C:\xampp\htdocs\ERP-PH\system\CodeIgniter.php(326): CodeIgniter\CodeIgniter->handleRequest(NULL, Object(Config\Cache), false)
#6 C:\xampp\htdocs\ERP-PH\public\index.php(37): CodeIgniter\CodeIgniter->run()
#7 C:\xampp\htdocs\ERP-PH\system\Commands\Server\rewrite.php(43): require_once('C:\\xampp\\htdocs...')
#8 {main}
